app/seeds.txt
com.venus.backgroundopt.hook.MainHook
com.venus.backgroundopt.hook.base.HookPoint$MethodType: com.venus.backgroundopt.hook.base.HookPoint$MethodType[] values()
com.venus.backgroundopt.hook.MainHook: void handleLoadPackage(de.robv.android.xposed.callbacks.XC_LoadPackage$LoadPackageParam)
com.venus.backgroundopt.hook.base.HookPoint$MethodType: com.venus.backgroundopt.hook.base.HookPoint$MethodType valueOf(java.lang.String)
com.venus.backgroundopt.hook.MainHook: MainHook()
...
androidx.constraintlayout.widget.R$styleable: int ActionBar_progressBarStyle
androidx.constraintlayout.widget.R$styleable: int Toolbar_titleMarginEnd
androidx.appcompat.R$style: int Platform_AppCompat
androidx.appcompat.R$color: int abc_secondary_text_material_light
com.google.android.material.R$style: int Widget_Material3_Toolbar_Surface
com.google.android.material.R$style: int Base_Widget_AppCompat_ActionBar_TabView
androidx.constraintlayout.widget.R$id: int action_menu_divider
com.google.android.material.R$styleable: int SearchBar_strokeColor
androidx.constraintlayout.widget.R$id: int autoCompleteToEnd
androidx.appcompat.R$style: int Base_ThemeOverlay_AppCompat_Dialog
com.google.android.material.R$drawable: int abc_cab_background_internal_bg
com.google.android.material.R$color: int background_material_dark
com.google.android.material.R$id: int icon
com.google.android.material.R$styleable: int AppCompatTheme_dialogPreferredPadding
androidx.appcompat.R$color: int bright_foreground_disabled_material_dark
androidx.constraintlayout.widget.R$styleable: int MenuItem_android_title
com.google.android.material.R$style: int ThemeOverlay_MaterialComponents_Light_Dialog_Alert_Framework
com.google.android.material.R$style: int Platform_V21_AppCompat_Light
com.google.android.material.R$styleable: int GradientColor_android_centerY
androidx.constraintlayout.widget.R$styleable: int ConstraintLayout_Layout_constraint_referenced_ids
com.google.android.material.R$id: int buttonPanel
androidx.constraintlayout.widget.R$styleable: int MenuItem_actionProviderClass
androidx.appcompat.R$style: int Base_TextAppearance_AppCompat_Widget_Switch
com.google.android.material.R$styleable: int AppCompatTheme_colorError
com.google.android.material.R$styleable: int ConstraintSet_flow_lastVerticalBias
com.google.android.material.R$attr: int materialCalendarDay
androidx.constraintlayout.widget.R$styleable: int MotionTelltales_telltales_velocityMode
androidx.appcompat.R$dimen: int hint_alpha_material_dark
com.google.android.material.R$id: int material_clock_period_am_button
androidx.appcompat.R$styleable: int ActionBar_height
com.google.android.material.R$styleable: int ConstraintLayout_Layout_layout_constraintTop_toBottomOf
com.google.android.material.R$styleable: int Toolbar_titleMargins
com.google.android.material.R$styleable: int Slider_android_stepSize
com.google.android.material.R$color: int abc_background_cache_hint_selector_material_light
androidx.constraintlayout.widget.R$id: int spread
androidx.appcompat.R$string: int abc_menu_meta_shortcut_label
com.google.android.material.R$color: int m3_ref_palette_dynamic_secondary100
com.google.android.material.R$color: int m3_ref_palette_dynamic_neutral_variant50
androidx.appcompat.R$attr: int listMenuViewStyle
com.google.android.material.R$attr: int dividerThickness
androidx.appcompat.R$style: int TextAppearance_AppCompat_SearchResult_Subtitle
com.google.android.material.R$drawable: int mtrl_switch_thumb_checked_pressed
androidx.constraintlayout.widget.R$styleable: int AppCompatTextView_autoSizeTextType
com.google.android.material.R$styleable: int AppCompatTextView_lastBaselineToBottomHeight
com.google.android.material.R$color: int design_fab_stroke_end_inner_color
com.google.android.material.R$styleable: int LinearProgressIndicator_indicatorDirectionLinear
com.google.android.material.R$style: int Widget_Material3_Button_Icon
androidx.core.R$id: int action_divider
com.google.android.material.R$style: int ThemeOverlay_MaterialComponents_TimePicker_Display
com.google.android.material.R$styleable: int TextInputLayout_endIconMinSize
androidx.coordinatorlayout.R$styleable: int FontFamily_fontProviderAuthority
com.google.android.material.R$attr: int layout_constraintCircle
com.google.android.material.R$styleable: int[] PopupWindow
com.google.android.material.R$styleable: int AppCompatTheme_windowFixedWidthMajor
androidx.constraintlayout.widget.R$styleable: int DrawerArrowToggle_gapBetweenBars